<?xml version="1.0" encoding="UTF-8"?>
<!-- Generated by org.testng.reporters.JUnitReportReporter -->
<testsuite hostname="DESKTOP-V53GB2U" name="com.google.GoogleSuggestionTask" tests="1" failures="0" timestamp="26 Feb 2025 13:47:32 GMT" time="10.091" errors="0">
  <testcase name="getGoogleSuggestions" time="10.091" classname="com.google.GoogleSuggestionTask"/>
</testsuite> <!-- com.google.GoogleSuggestionTask -->
