<?xml version="1.0" encoding="UTF-8"?>
<!-- Generated by org.testng.reporters.JUnitReportReporter -->
<testsuite hostname="DESKTOP-V53GB2U" name="com.google.GoogleSuggestionTask" tests="1" failures="0" timestamp="26 Feb 2025 06:19:49 GMT" time="9.974" errors="0">
  <testcase name="getGoogleSuggestions" time="9.974" classname="com.google.GoogleSuggestionTask"/>
</testsuite> <!-- com.google.GoogleSuggestionTask -->
